Ditemukan 1623 baris. Mulai fetch nama file asli...
[1/1623] 1...
[2/1623] J014242066...
[3/1623] J014242037...
[4/1623] J014242117...
[5/1623] J014242002...
[6/1623] J014242022...
[7/1623] J014242102...
[8/1623] J014242092...
[9/1623] J014242108...
[10/1623] J014242093...
[11/1623] J014242070...
[12/1623] J065231002...
[13/1623] J065231003...
[14/1623] J014242113...
[15/1623] J014242060...
[16/1623] J014242060...
[17/1623] J065231005...
[18/1623] J065231001...
[19/1623] J014171012...
[20/1623] J014242048...
[21/1623] J014242134...
[22/1623] J014242121...
[23/1623] J014242101...
[24/1623] J014242121...
[25/1623] J014242050...
[26/1623] J014242030...
[27/1623] J014242103...
[28/1623] J014242051...
[29/1623] J012201005...
[30/1623] J014242038...
[31/1623] J014242075...
[32/1623] J014242071 ...
[33/1623] J014242072...
[34/1623] J014242021...
[35/1623] J012241011...
[36/1623] J014242001...
[37/1623] J014242131...
[38/1623] J014242124...
[39/1623] J014242109...
[40/1623] J014242044...
[41/1623] J014242017...
[42/1623] J014242120...
[43/1623] J014242029...
[44/1623] J012201011 ...
[45/1623] J014242086...
[46/1623] J014242040...
[47/1623] J014242016...
[48/1623] J014242025...
[49/1623] J014242099...
[50/1623] J014242062...
[51/1623] J014242078...
[52/1623] J014242013...
[53/1623] J014242079...
[54/1623] J035191005...
[55/1623] J014242136...
[56/1623] J014242012...
[57/1623] J014242112...
[58/1623] J014242080...
[59/1623] J035191011...
[60/1623] J035191006...
[61/1623] J014242081...
[62/1623] J035191002...
[63/1623] J035191007...
[64/1623] J035191001...
[65/1623] J035191005...
[66/1623] J035191012...
[67/1623] J035191003...
[68/1623] J035191008...
[69/1623] J035191010...
[70/1623] J035191009...
[71/1623] J014242059...
[72/1623] J035181006...
[73/1623] J012201004...
[74/1623] J014242122...
[75/1623] J014242033...
[76/1623] J014242020...
[77/1623] J014242088...
[78/1623] J014242019...
[79/1623] J014242004...
[80/1623] J014242095...
[81/1623] J014242118...
[82/1623] J014242094...
[83/1623] J025231005...
[84/1623] J025231003...
[85/1623] J025231004...
[86/1623] J025231001...
[87/1623] J025231002...
[88/1623] J025231006...
[89/1623] J065231004...
[90/1623] J045221003 ...
[91/1623] J012251011...
[92/1623] J012251005...
[93/1623] J013231003...
[94/1623] J012241010...
[95/1623] J012241010...
[96/1623] J012242003...
[97/1623] J011221204...
[98/1623] J011221202...
[99/1623] J012241002...
[100/1623] J075231001...
[101/1623] J075231003...
[102/1623] J0752312006...
[103/1623] J075231005...
[104/1623] J075231004...
[105/1623] J075231007...
[106/1623] J075231002...
[107/1623] J075231002...
[108/1623] J013221005...
[109/1623] J014232153...
[110/1623] J014232152...
[111/1623] J014232154...
[112/1623] J014232010...
[113/1623] J014232044...
[114/1623] J015191003...
[115/1623] J015191007...
[116/1623] J015191006...
[117/1623] J015191004...
[118/1623] J015191002...
[119/1623] J015191005...
[120/1623] J015191001...
[121/1623] J014211001...
[122/1623] J012201006...
[123/1623] J012201002...
[124/1623] J014232066...
[125/1623] J012201008...
[126/1623] J012201001...
[127/1623] J014232030...
[128/1623] J012201012...
[129/1623] J012201007...
[130/1623] J012202007...
[131/1623] J014232146...
[132/1623] J014232050...
[133/1623] J014232113...
[134/1623] J014232107 ...
[135/1623] J014232002...
[136/1623] J014232132...
[137/1623] J075231007...
[138/1623] J075231004...
[139/1623] J035231001...
[140/1623] J014232052...
[141/1623] J075231006...
[142/1623] J075231005...
[143/1623] J075231001...
[144/1623] J035231004...
[145/1623] J075231003...
[146/1623] J075231002...
[147/1623] J014232112...
[148/1623] J014232075...
[149/1623] J014232158...
[150/1623] J014232012 ...
[151/1623] J014232148...
[152/1623] J014232145...
[153/1623] J025191012...
[154/1623] J025191007...
[155/1623] J014232134...
[156/1623] J035231005...
[157/1623] J025191006...
[158/1623] J035231002...
[159/1623] J014232048...
[160/1623] J035231003...
[161/1623] J025191003...
[162/1623] J035231004...
[163/1623] J014222001...
[164/1623] J014222020...
[165/1623] J011221021...
[166/1623] J025191008...
[167/1623] J025191005...
[168/1623] J025191010...
[169/1623] J025191009...
[170/1623] J011221021...
[171/1623] J012242008...
[172/1623] J013232005...
[173/1623] J025191011...
[174/1623] J025191001...
[175/1623] J025191002...
[176/1623] J025191004...
[177/1623] J011221189...
[178/1623] J011221189...
[179/1623] J012201003...
[180/1623] J011221061...
[181/1623] J011221086...
[182/1623] J011221138...
[183/1623] J011221176...
[184/1623] J011211082...
[185/1623] 2022/JO45212002...
[186/1623] J045212004...
[187/1623] J045212001...
[188/1623] J045212003...
[189/1623] J011221052...
[190/1623] J011221144...
[191/1623] J011221026...
[192/1623] J011221097...
[193/1623] J011221096...
[194/1623] J014232011...
[195/1623] J014232051...
[196/1623] J014232042...
[197/1623] J014232147...
[198/1623] J014232117...
[199/1623] J014232128...
[200/1623] J014232144...
[201/1623] J014232005...
[202/1623] J014232138...
[203/1623] J014232018...
[204/1623] J014232157...
[205/1623] J014232078...
[206/1623] J011221145...
[207/1623] J011221110...
[208/1623] J011221145...
[209/1623] J011221110...
[210/1623] J014232043...
[211/1623] J014232034...
[212/1623] J014232102...
[213/1623] J014232068...
[214/1623] J014232080...
[215/1623] J014232119...
[216/1623] J013231001...
[217/1623] J065222004...
[218/1623] J065222003...
[219/1623] J065222002...
[220/1623] J065222006...
[221/1623] J065222001...
[222/1623] J065222005...
[223/1623] J014232004...
[224/1623] J015222004...
[225/1623] J014221029...
[226/1623] J075222005...
[227/1623] J075222001...
[228/1623] J015222003...
[229/1623] J015222002...
[230/1623] J015222005...
[231/1623] J015222007...
[232/1623] J015222008...
[233/1623] J015222004...
[234/1623] J075222005...
[235/1623] J075222007...
[236/1623] J075222006...
[237/1623] J075222002...
[238/1623] J075222003...
[239/1623] J012201009...
[240/1623] J025222007...
[241/1623] J025222006...
[242/1623] J025222003...
[243/1623] J025222002...
[244/1623] J025222004...
[245/1623] J025222008...
[246/1623] J025222001...
[247/1623] J025222005...
[248/1623] J035192001...
[249/1623] J035192005...
[250/1623] J055221003...
[251/1623] J055221002...
[252/1623] J055221001...
[253/1623] J055221008...
[254/1623] J055221004...
[255/1623] J055221007...
[256/1623] J055221005...
[257/1623] J055221002...
[258/1623] J055221006...
[259/1623] J011221079...
[260/1623] J075222004...
[261/1623] J075222001...
[262/1623] J012232004...
[263/1623] J085222001...
[264/1623] J085222003...
[265/1623] J085222002...
[266/1623] J075222004...
[267/1623] J075222001...
[268/1623] J011221022...
[269/1623] J011221143...
[270/1623] J011221141...
[271/1623] J011221022...
[272/1623] J011221165...
[273/1623] J035192006...
[274/1623] J011221172...
[275/1623] J035222004...
[276/1623] J035222001...
[277/1623] J035222003...
[278/1623] J035222006...
[279/1623] J035222005...
[280/1623] J035222002...
[281/1623] J011221002...
[282/1623] J011221093...
[283/1623] J011221077...
[284/1623] J011221150...
[285/1623] J011221082...
[286/1623] J011221121...
[287/1623] J011221152...
[288/1623] J011221148...
[289/1623] J011221082...
[290/1623] J011221152...
[291/1623] J011221164...
[292/1623] J011221148...
[293/1623] J011221121...
[294/1623] J011221172...
[295/1623] J035192004...
[296/1623] J012232009...
[297/1623] J035192002...
[298/1623] J011221172...
[299/1623] J015192002...
[300/1623] J015192001...
[301/1623] J035192003...
[302/1623] J011221141...
[303/1623] J012231004...
[304/1623] J012231005...
[305/1623] J012232007...
[306/1623] J011221207...
[307/1623] J011221150...
[308/1623] J012201010...
[309/1623] J011221187...
[310/1623] J011221128...
[311/1623] J011221208...
[312/1623] J012202006...
[313/1623] J012202003...
[314/1623] J011221053...
[315/1623] J045181001...
[316/1623] J045181005...
[317/1623] J045181002...
[318/1623] J045181002...
[319/1623] J011221136...
[320/1623] J011221129...
[321/1623] J011221173...
[322/1623] J011221181...
[323/1623] J011221192...
[324/1623] J012232009...
[325/1623] J011221073...
[326/1623] J011221170...
[327/1623] J012202004...
[328/1623] J012202002...
[329/1623] J012202001...
[330/1623] J011221182...
[331/1623] J011221005...
[332/1623] J011221020...
[333/1623] J011221089...
[334/1623] J011221054...
[335/1623] J011221084 ...
[336/1623] J011221118...
[337/1623] J011221130...
[338/1623] J011221137...
[339/1623] J011221034...
[340/1623] J011221196...
[341/1623] J011221036...
[342/1623] J011221098...
[343/1623] J011221146...
[344/1623] J011221099...
[345/1623] J011221183...
[346/1623] J011221122...
[347/1623] J011221115...
[348/1623] J011221066...
[349/1623] J011221049...
[350/1623] J045182004...
[351/1623] J045 18 2007...
[352/1623] J045 182 003...
[353/1623] J 045 181 004...
[354/1623] J045 182 005...
[355/1623] J045182009...
[356/1623] J045182009...
[357/1623] J045182001...
[358/1623] J045181003...
[359/1623] J045182008...
[360/1623] J035201007...
[361/1623] J035201001...
[362/1623] J035201006...
[363/1623] J035201005...
[364/1623] J035201004...
[365/1623] J035201002...
[366/1623] J035201003...
[367/1623] J035201004...
[368/1623] J011221113...
[369/1623] J011221151...
[370/1623] J012211008...
[371/1623] J012211005...
[372/1623] J012211003...
[373/1623] J012211010...
[374/1623] J012211012...
[375/1623] J012211013...
[376/1623] J065202006...
[377/1623] J015201003...
[378/1623] J015201006...
[379/1623] J015201005...
[380/1623] J015201002...
[381/1623] J011221049...
[382/1623] J015201001...
[383/1623] J015201004...
[384/1623] J012211002...
[385/1623] J012211007...
[386/1623] J012211001...
[387/1623] J012211011...
[388/1623] J012211004...
[389/1623] J025201005...
[390/1623] J025201002...
[391/1623] J025201006...
[392/1623] J025201004...
[393/1623] J012211006...
[394/1623] J055192001...
[395/1623] J055192002...
[396/1623] J011221081...
[397/1623] J011221056...
[398/1623] J012211014...
[399/1623] J 045182006...
[400/1623] J011221024...
[401/1623] J011221168...
[402/1623] J011221104...
[403/1623] J011221037...
[404/1623] J011221105...
[405/1623] J012212004...
[406/1623] J011221015...
[407/1623] J011221044...
[408/1623] J011221044...
[409/1623] J011221147...
[410/1623] J011221094...
[411/1623] J011221074...
[412/1623] J011221035...
[413/1623] J011221179...
[414/1623] J011221109...
[415/1623] J011221028...
[416/1623] J011221003...
[417/1623] J011221003...
[418/1623] J011221190...
[419/1623] J011221019...
[420/1623] J011221018...
[421/1623] J011221083...
[422/1623] J011221207...
[423/1623] J011221197...
[424/1623] J011221014...
[425/1623] J011221191...
[426/1623] J011221185...
[427/1623] J011221067...
[428/1623] J011221070...
[429/1623] J011221132...
[430/1623] J011221069...
[431/1623] J011221163...
[432/1623] J011221149...
[433/1623] J011221068...
[434/1623] J011221031...
[435/1623] J0012232005...
[436/1623] J011221090...
[437/1623] J011221043...
[438/1623] J011221042...
[439/1623] J011221004...
[440/1623] J011221040...
[441/1623] J011221054...
[442/1623] J011221078...
[443/1623] J011221120...
[444/1623] J011221127...
[445/1623] J011221167...
[446/1623] J011221011...
[447/1623] J011221012...
[448/1623] J011221184...
[449/1623] J011221057...
[450/1623] J011221023...
[451/1623] J011221114...
[452/1623] J011221041...
[453/1623] J011221032...
[454/1623] J011221139...
[455/1623] J011221102...
[456/1623] J011221010...
[457/1623] J011221158...
[458/1623] J011221025...
[459/1623] J011221175...
[460/1623] J011221007...
[461/1623] J011221100...
[462/1623] J012212001...
[463/1623] J011221174...
[464/1623] J011221009...
[465/1623] J011221101...
[466/1623] J011221135...
[467/1623] J011221111...
[468/1623] J011221076...
[469/1623] J011221055...
[470/1623] J011221171...
[471/1623] J011221080...
[472/1623] J011221060...
[473/1623] J011221063...
[474/1623] J011221051...
[475/1623] J011221119...
[476/1623] J011221116...
[477/1623] J011221154...
[478/1623] J011221117 ...
[479/1623] J011221159...
[480/1623] J011221178...
[481/1623] J011221106...
[482/1623] J011221103...
[483/1623] J011221133...
[484/1623] J011221071 ...
[485/1623] J011221195...
[486/1623] J011221107...
[487/1623] J011221017...
[488/1623] J011221087...
[489/1623] J011221134...
[490/1623] J011221085...
[491/1623] J011221016...
[492/1623] J011221155...
[493/1623] J011221050...
[494/1623] J011221194...
[495/1623] J011221072...
[496/1623] J011221075...
[497/1623] J011221029...
[498/1623] J011221124...
[499/1623] J011221095...
[500/1623] J011221033...
[501/1623] J011221142...
[502/1623] J011221093 ...
[503/1623] J011221038...
[504/1623] J011221045...
[505/1623] J011221064...
[506/1623] J011221112...
[507/1623] J035202001...
[508/1623] J011221048...
[509/1623] J011221048...
[510/1623] J011221125...
[511/1623] J035202005...
[512/1623] J011221126...
[513/1623] J035202002...
[514/1623] J011221160...
[515/1623] J035202006...
[516/1623] J011221177...
[517/1623] J035202003...
[518/1623] J035202003...
[519/1623] J011221140...
[520/1623] J011221162 ...
[521/1623] J011221131...
[522/1623] J011221008...
[523/1623] J011221088...
[524/1623] J011221047...
[525/1623] J011221169...
[526/1623] J011221161...
[527/1623] J011221059...
[528/1623] J035202004...
[529/1623] J011221027...
[530/1623] J011221186...
[531/1623] J011221091...
[532/1623] J011221188...
[533/1623] J011221092...
[534/1623] J011221030...
[535/1623] J011221006...
[536/1623] J011221157...
[537/1623] J011221108...
[538/1623] J011221062...
[539/1623] J011221065...
[540/1623] J011221062...
[541/1623] J045182002 ...
[542/1623] J015202001...
[543/1623] J015202008...
[544/1623] J015202010...
[545/1623] J015202006...
[546/1623] J015202004...
[547/1623] J015202007...
[548/1623] J015202009...
[549/1623] J015202005...
[550/1623] J015202002...
[551/1623] J015202001...
[552/1623] J015202003...
[553/1623] J015202006...
[554/1623] J011221058...
[555/1623] J011221013...
[556/1623] J011221156...
[557/1623] J011221001...
[558/1623] J011221046...
[559/1623] J011221039...
[560/1623] J014222027...
[561/1623] J011221166...
[562/1623] J011221123...
[563/1623] J012231007...
[564/1623] J011201019...
[565/1623] J014232114...
[566/1623] J014232139...
[567/1623] J014232033...
[568/1623] J014232069...
[569/1623] J014232059...
[570/1623] J014232026...
[571/1623] J014232021...
[572/1623] J014232105...
[573/1623] J014232162...
[574/1623] J014232151...
[575/1623] J014232003...
[576/1623] J014232028...
[577/1623] J045191003...
[578/1623] J012212005...
[579/1623] J014232029...
[580/1623] J014232095...
[581/1623] J014232130...
[582/1623] J045191002...
[583/1623] J045192003...
[584/1623] J045191004...
[585/1623] J014232121...
[586/1623] J014232088...
[587/1623] J014232140...
[588/1623] J014232055...
[589/1623] J014232054...
[590/1623] J014232061...
[591/1623] J014232062 ...
[592/1623] J014232035...
[593/1623] J065202003...
[594/1623] J065202007...
[595/1623] J065202002...
[596/1623] J065202004...
[597/1623] J055192003...
[598/1623] J055192004...
[599/1623] J012221002...
[600/1623] J065202005...
[601/1623] J014232003...
[602/1623] J055192006...
[603/1623] 2019...
[604/1623] J014232064...
[605/1623] J055201004...
[606/1623] J014232083...
[607/1623] J014232149...
[608/1623] J014232126...
[609/1623] J014232123...
[610/1623] J045 191 005...
[611/1623] J014232109...
[612/1623] J014232020...
[613/1623] J045192005...
[614/1623] J014232104...
[615/1623] J045192004...
[616/1623] J014232110...
[617/1623] J014232090...
[618/1623] J014232084 ...
[619/1623] J014232086...
[620/1623] J014232085...
[621/1623] J014232118...
[622/1623] J045192006...
[623/1623] J014232096...
[624/1623] J045191006...
[625/1623] J014232093...
[626/1623] J014232085...
[627/1623] J014232017...
[628/1623] J014232007 ...
[629/1623] J014232022...
[630/1623] J014232129...
[631/1623] J014232087...
[632/1623] J014232142...
[633/1623] J014232027...
[634/1623] J014232092...
[635/1623] J014232115...
[636/1623] J065211007...
[637/1623] JO65211003...
[638/1623] J014232076...
[639/1623] J014232025...
[640/1623] J014232060...
[641/1623] J014232124...
[642/1623] J014232082...
[643/1623] J014232006...
[644/1623] J014232024 ...
[645/1623] J014232164...
[646/1623] J035191004...
[647/1623] J014232143...
[648/1623] J014232131...
[649/1623] J014232089...
[650/1623] J014232031...
[651/1623] J014232108...
[652/1623] J014232137...
[653/1623] J014232009...
[654/1623] J014232072...
[655/1623] J014232079...
[656/1623] J014232070...
[657/1623] J014232133...
[658/1623] J014232019...
[659/1623] J014232163...
[660/1623] J014232091...
[661/1623] J014232081...
[662/1623] J014232106...
[663/1623] J014232037...
[664/1623] J085221002...
[665/1623] J014232047...
[666/1623] J012231008...
[667/1623] J013221010...
[668/1623] J012231001...
[669/1623] J012231001...
[670/1623] J012231003...
[671/1623] J085221001...
[672/1623] J025221006...
[673/1623] J025221004...
[674/1623] J025221003...
[675/1623] J025221006...
[676/1623] J015221008...
[677/1623] J025 221 001...
[678/1623] J025221007...
[679/1623] J025221002...
[680/1623] J025221005...
[681/1623] J015221006...
[682/1623] J014232099...
[683/1623] J014232063...
[684/1623] J015221002...
[685/1623] J015221004...
[686/1623] J014232036...
[687/1623] J015221008...
[688/1623] J015221007...
[689/1623] J015221001...
[690/1623] J045211001...
[691/1623] J035221001...
[692/1623] j045211003...
[693/1623] J045211006...
[694/1623] J014222028...
[695/1623] J045211005...
[696/1623] J045211006...
[697/1623] J014232098...
[698/1623] J045211002...
[699/1623] J014232098...
[700/1623] J035221006...
[701/1623] J035221001...
[702/1623] J045211004...
[703/1623] J015221005...
[704/1623] J035221006...
[705/1623] J014232097...
[706/1623] J035221005...
[707/1623] J035221002...
[708/1623] J014232111...
[709/1623] J014232049...
[710/1623] J014232045...
[711/1623] J014232053...
[712/1623] J014232135...
[713/1623] J014232056...
[714/1623] J014232065...
[715/1623] J014232074...
[716/1623] J014232111...
[717/1623] J055212004...
[718/1623] J014232049...
[719/1623] J014232137...
[720/1623] J014232056...
[721/1623] J014221037...
[722/1623] J085221003...
[723/1623] J085221004...
[724/1623] J011181518...
[725/1623] J011181325...
[726/1623] J011181315...
[727/1623] J035221003...
[728/1623] J014232125...
[729/1623] J035221004...
[730/1623] J085221003...
[731/1623] J013221002...
[732/1623] J014232008...
[733/1623] J014232013...
[734/1623] J014232014...
[735/1623] J075221001...
[736/1623] J075221002...
[737/1623] J075221005...
[738/1623] J075221004...
[739/1623] J075221003...
[740/1623] J012222002...
[741/1623] J055212005...
[742/1623] J075221003...
[743/1623] J014222028...
[744/1623] J014222026...
[745/1623] J012231006...
[746/1623] J014222024...
[747/1623] J012232003...
[748/1623] J065221001...
[749/1623] J065221006...
[750/1623] J014221010...
[751/1623] J014221010...
[752/1623] J014222002...
[753/1623] J014221032...
[754/1623] J014222002...
[755/1623] J014222002...
[756/1623] J014221032...
[757/1623] J014222007...
[758/1623] J014222025...
[759/1623] J012222004...
[760/1623] J014221011...
[761/1623] J011211104...
[762/1623] J011211104...
[763/1623] J011211119...
[764/1623] J013221004...
[765/1623] J011211112...
[766/1623] J011211112...
[767/1623] J014212002...
[768/1623] J014212002...
[769/1623] J014211133...
[770/1623] J014211104...
[771/1623] J014212001...
[772/1623] J014211104...
[773/1623] J014211068...
[774/1623] J014202024...
[775/1623] J014211001...
[776/1623] J014221009...
[777/1623] J045202003...
[778/1623] J014221005...
[779/1623] J014222004...
[780/1623] J014211037...
[781/1623] J014212005...
[782/1623] J011211045...
[783/1623] J011211145...
[784/1623] J011211094...
[785/1623] J011211142...
[786/1623] J014212004...
[787/1623] J014222021...
[788/1623] J014222017...
[789/1623] J014222017...
[790/1623] J014222005...
[791/1623] J011211028...
[792/1623] J011211077...
[793/1623] J011211157...
[794/1623] J 045 201 001...
[795/1623] J045202006...
[796/1623] J045202001...
[797/1623] J045201002...
[798/1623] J011211001...
[799/1623] J011211043...
[800/1623] J025212003...
[801/1623] J014222010...
[802/1623] J014221011...
[803/1623] J025212006...
[804/1623] J025212002...
[805/1623] J025212001...
[806/1623] J025212005...
[807/1623] J014221006...
[808/1623] J025212004...
[809/1623] J011201170...
[810/1623] J014211135...
[811/1623] J014201094...
[812/1623] J014202021...
[813/1623] J014212003...
[814/1623] J011211096...
[815/1623] J011211063...
[816/1623] J011211027...
[817/1623] J011211096...
[818/1623] J011211003...
[819/1623] J011211084...
[820/1623] J011211031...
[821/1623] J011211017...
[822/1623] J011211147...
[823/1623] J011211147...
[824/1623] J011211039...
[825/1623] J011211103...
[826/1623] J011211109...
[827/1623] J011211099...
[828/1623] J011211109...
[829/1623] J011211155...
[830/1623] J011211145...
[831/1623] J011211072...
[832/1623] J011211106...
[833/1623] J011211030...
[834/1623] J011211084...
[835/1623] J011211037...
[836/1623] J011211024...
[837/1623] J011211049...
[838/1623] J011211024...
[839/1623] J011211163...
[840/1623] J011211152...
[841/1623] J011211049...
[842/1623] J011211057...
[843/1623] J011211135...
[844/1623] J011211150...
[845/1623] J011211158...
[846/1623] J011211146...
[847/1623] J011211156...
[848/1623] J011211019...
[849/1623] J011211098...
[850/1623] J011211100...
[851/1623] J011211148...
[852/1623] J011211051...
[853/1623] J011211111 ...
[854/1623] J011211088...
[855/1623] J011211015...
[856/1623] J011211004...
[857/1623] J011211153...
[858/1623] J011211022...
[859/1623] J011211106...
[860/1623] J011211076...
[861/1623] J011211073...
[862/1623] J011211127...
[863/1623] J045201006...
[864/1623] J075212002...
[865/1623] J075212001...
[866/1623] J011211126...
[867/1623] J045202004...
[868/1623] J075212004...
[869/1623] J075212003...
[870/1623] J045202002...
[871/1623] J045192007...
[872/1623] J0112111162...
[873/1623] J011211143...
[874/1623] J011211040...
[875/1623] 040...
[876/1623] J012211009...
[877/1623] J011211139...
[878/1623] J011211042...
[879/1623] J011211151...
[880/1623] J011211029...
[881/1623] J011211033...
[882/1623] J055202003...
[883/1623] J055202004...
[884/1623] J055202002...
[885/1623] J012222009...
[886/1623] J012222009...
[887/1623] J065212001...
[888/1623] J065212003...
[889/1623] J065212001...
[890/1623] J065212002...
[891/1623] J065212006...
[892/1623] J065212004...
[893/1623] J055211004...
[894/1623] J055211003...
[895/1623] J012212002...
[896/1623] J012221004...
[897/1623] J011211086...
[898/1623] J015212003...
[899/1623] J055212003...
[900/1623] J015 212 005...
[901/1623] J011211136...
[902/1623] J065212005...
[903/1623] J055211001...
[904/1623] J055212002...
[905/1623] J055212002...
[906/1623] J055212007...
[907/1623] J055212007...
[908/1623] J055211002...
[909/1623] J015212002...
[910/1623] J011211136...
[911/1623] J011211080...
[912/1623] J011211034...
[913/1623] J011211041...
[914/1623] J055212001...
[915/1623] J011211085...
[916/1623] J011211047...
[917/1623] J011211012...
[918/1623] J011211154...
[919/1623] J011211086...
[920/1623] J011211010...
[921/1623] J011211023...
[922/1623] J011211124...
[923/1623] J055212006...
[924/1623] J055212006...
[925/1623] J055212006...
[926/1623] J011211144...
[927/1623] J011211110...
[928/1623] J011211035...
[929/1623] J011211009...
[930/1623] J015212001...
[931/1623] J011211006...
[932/1623] J012212003...
[933/1623] 038...
[934/1623] J011211061...
[935/1623] J011211159...
[936/1623] J011211054...
[937/1623] J011211061...
[938/1623] J011211067...
[939/1623] J011211141...
[940/1623] J015212004...
[941/1623] J011211053...
[942/1623] J011211069...
[943/1623] J011211018...
[944/1623] J011211089...
[945/1623] J011211132...
[946/1623] J011211107...
[947/1623] J011211016...
[948/1623] J011211016...
[949/1623] J011211020...
[950/1623] J011211138...
[951/1623] J011201025...
[952/1623] J011211011...
[953/1623] 095...
[954/1623] J011211108...
[955/1623] J045202005...
[956/1623] J045202007...
[957/1623] J01 2222 00 2...
[958/1623] J011211064...
[959/1623] J011211048...
[960/1623] J065221003...
[961/1623] J011181362...
[962/1623] J011211014...
[963/1623] J011211118...
[964/1623] J011211025...
[965/1623] J011211081...
[966/1623] J011211115...
[967/1623] 075...
[968/1623] J011211074...
[969/1623] J011211101...
[970/1623] J011211046...
[971/1623] 021...
[972/1623] J011211149...
[973/1623] J015221003...
[974/1623] J065221001...
[975/1623] J065221004...
[976/1623] 075...
[977/1623] J011211005...
[978/1623] J011211078...
[979/1623] J011211013...
[980/1623] J011211133...
[981/1623] J011211121...
[982/1623] J011211113...
[983/1623] J011211129...
[984/1623] J011211123...
[985/1623] J011211056...
[986/1623] J011211060...
[987/1623] J011211130...
[988/1623] J011211060...
[989/1623] J011211058...
[990/1623] J011211052...
[991/1623] J011211131...
[992/1623] J011211128...
[993/1623] J011211032...
[994/1623] J011211044...
[995/1623] J011211044...
[996/1623] J011211071...
[997/1623] J011211092...
[998/1623] J011211122...
[999/1623] J011181349...
[1000/1623] J011181018...
[1001/1623] J011181353...
[1002/1623] J011181086...
[1003/1623] J011181515...
[1004/1623] J011181016...
[1005/1623] J011181317...
[1006/1623] J011181336...
[1007/1623] J011181337...
[1008/1623] J011181034...
[1009/1623] J011181014...
[1010/1623] J011181338...
[1011/1623] J011181356...
[1012/1623] J011181031...
[1013/1623] J011181039...
[1014/1623] J011181032...
[1015/1623] J011181008...
[1016/1623] J011181006...
[1017/1623] J011181359...
[1018/1623] J011181011...
[1019/1623] J011181029...
[1020/1623] J011181319...
[1021/1623] J011181319...
[1022/1623] J011181354...
[1023/1623] J011181030...
[1024/1623] J011181330...
[1025/1623] J011181312...
[1026/1623] J011181318...
[1027/1623] J011181005...
[1028/1623] J011181351...
[1029/1623] J011181519...
[1030/1623] J011181522...
[1031/1623] J011181302...
[1032/1623] J011181040...
[1033/1623] J011181340...
[1034/1623] J011181525...
[1035/1623] J011181516...
[1036/1623] J011181038...
[1037/1623] J011181341...
[1038/1623] J011181514...
[1039/1623] J011181304...
[1040/1623] J011181305...
[1041/1623] J011181305...
[1042/1623] J011181028...
[1043/1623] J011181028...
[1044/1623] J011181333...
[1045/1623] J011181332...
[1046/1623] J011181335...
[1047/1623] J0111813167...
[1048/1623] J011181343...
[1049/1623] J011181517...
[1050/1623] J011181316...
[1051/1623] J011181344...
[1052/1623] J011181020...
[1053/1623] J011181313...
[1054/1623] J011181312...
[1055/1623] J011181309...
[1056/1623] J011181314...
[1057/1623] J011181037...
[1058/1623] J011181310...
[1059/1623] J011181525...
[1060/1623] J011181505...
[1061/1623] J011181507...
[1062/1623] J011181349...
[1063/1623] J011181327...
[1064/1623] J011181044...
[1065/1623] J011181044...
[1066/1623] J011181332...
[1067/1623] J011181324...
[1068/1623] J011181306...
[1069/1623] J011181009...
[1070/1623] J011181024...
[1071/1623] J011181024...
[1072/1623] J011181026...
[1073/1623] J011181022...
[1074/1623] J011181027...
[1075/1623] J011181025...
[1076/1623] J011211079...
[1077/1623] J011211026...
[1078/1623] J011211079...
[1079/1623] J011211079...
[1080/1623] J011211026...
[1081/1623] J011211125...
[1082/1623] J014222018...
[1083/1623] J011201161...
[1084/1623] J014211065...
[1085/1623] J01422124...
[1086/1623] J014211116...
[1087/1623] J014211073...
[1088/1623] J014211108...
[1089/1623] J014211098...
[1090/1623] J014211108...
[1091/1623] J014201097...
[1092/1623] J014221077...
[1093/1623] J014221055...
[1094/1623] J014221017...
[1095/1623] J011201083...
[1096/1623] J011201163...
[1097/1623] J011201115...
[1098/1623] J011181518...
[1099/1623] J011201079...
[1100/1623] J011201021...
[1101/1623] J011201021...
[1102/1623] J011201015...
[1103/1623] J011201091...
[1104/1623] J011201070...
[1105/1623] J011201008...
[1106/1623] J011201002...
[1107/1623] J011201107...
[1108/1623] J011201066...
[1109/1623] J011201035...
[1110/1623] J011201049...
[1111/1623] J025202004...
[1112/1623] J011201065...
[1113/1623] J025202002...
[1114/1623] J025202005...
[1115/1623] J025202003...
[1116/1623] J025202006...
[1117/1623] J025202001...
[1118/1623] J011201005...
[1119/1623] J011201130...
[1120/1623] J011201039...
[1121/1623] J011201132...
[1122/1623] J011201095...
[1123/1623] J011201149...
[1124/1623] J011201141...
[1125/1623] J011201076...
[1126/1623] J011201013...
[1127/1623] J011201174...
[1128/1623] J011201071...
[1129/1623] J011201162...
[1130/1623] J011201136...
[1131/1623] J011201073...
[1132/1623] j011201109...
[1133/1623] J011201004...
[1134/1623] J011201129...
[1135/1623] J011201012...
[1136/1623] J011201023...
[1137/1623] J011201053...
[1138/1623] J011201034...
[1139/1623] J011201031...
[1140/1623] J011201032...
[1141/1623] J011201027...
[1142/1623] J011201103...
[1143/1623] J011201020...
[1144/1623] J011201123...
[1145/1623] J011201165...
[1146/1623] J014201077...
[1147/1623] J011201026...
[1148/1623] J011201166...
[1149/1623] J011201024...
[1150/1623] J011201074...
[1151/1623] J011201054 ...
[1152/1623] J011201037...
[1153/1623] J011201099...
[1154/1623] J011201134...
[1155/1623] J011201147...
[1156/1623] J011201020...
[1157/1623] J011201150...
[1158/1623] J011201137...
[1159/1623] J011201070...
[1160/1623] J011201150...
[1161/1623] J011201091...
[1162/1623] J011201144...
[1163/1623] J011201155...
[1164/1623] J011201036...
[1165/1623] J011201028...
[1166/1623] J011201057...
[1167/1623] J011201045...
[1168/1623] J011201143...
[1169/1623] J011201094...
[1170/1623] J011201098...
[1171/1623] J011201122...
[1172/1623] J011201125...
[1173/1623] J011201135...
[1174/1623] J011191035...
[1175/1623] J011201105...
[1176/1623] J011201145...
[1177/1623] J011201084...
[1178/1623] J011201110...
[1179/1623] J011201152...
[1180/1623] J011201168...
[1181/1623] J011201040...
[1182/1623] J011201158...
[1183/1623] J011201154...
[1184/1623] J011201068...
[1185/1623] J011201172...
[1186/1623] J011201078...
[1187/1623] J011201029...
[1188/1623] J011201146...
[1189/1623] J011201017...
[1190/1623] J011201055...
[1191/1623] J011201151...
[1192/1623] J011201016...
[1193/1623] J011201077...
[1194/1623] J011201087...
[1195/1623] J011201097...
[1196/1623] J011201085...
[1197/1623] J011201011...
[1198/1623] J011201010...
[1199/1623] J011201001...
[1200/1623] J011201127...
[1201/1623] J011201061...
[1202/1623] J011201046...
[1203/1623] J011201096...
[1204/1623] J011201119...
[1205/1623] J011201043...
[1206/1623] J011201048...
[1207/1623] J011201051...
[1208/1623] J011201092...
[1209/1623] J011201167...
[1210/1623] J011201148...
[1211/1623] J011201058...
[1212/1623] J011201033...
[1213/1623] J011201047...
[1214/1623] J011201038...
[1215/1623] J011201014...
[1216/1623] J011201126...
[1217/1623] J011201118...
[1218/1623] J011201050...
[1219/1623] J011201063...
[1220/1623] J011201081...
[1221/1623] J011201164...
[1222/1623] J011201120...
[1223/1623] J011201006...
[1224/1623] J011201121...
[1225/1623] J011201138...
[1226/1623] J011201007...
[1227/1623] J011201018...
[1228/1623] J011201009...
[1229/1623] J011201082...
[1230/1623] J011201133...
[1231/1623] J011201153...
[1232/1623] J011201030...
[1233/1623] J011201169...
[1234/1623] J011201080...
[1235/1623] J011201041...
[1236/1623] J011201160...
[1237/1623] J011201169...
[1238/1623] J011201088...
[1239/1623] J011201044...
[1240/1623] J011201059...
[1241/1623] J011201090...
[1242/1623] J011201131...
[1243/1623] J011201159...
[1244/1623] J011201067...
[1245/1623] J011201114...
[1246/1623] J011201157...
[1247/1623] J011201075 ...
[1248/1623] J011201062...
[1249/1623] J011201114...
[1250/1623] J011201042...
[1251/1623] J011201128...
[1252/1623] J011201022...
[1253/1623] J011201124...
[1254/1623] J011201089...
[1255/1623] J011201113...
[1256/1623] J011201003...
[1257/1623] J011201116...
[1258/1623] J011191010...
[1259/1623] J011201106...
[1260/1623] J011201093...
[1261/1623] J011201117...
[1262/1623] J011201140...
[1263/1623] J011201108...
[1264/1623] J011201056...
[1265/1623] J011201139...
[1266/1623] J011201060...
[1267/1623] J011201173...
[1268/1623] J011191008...
[1269/1623] J011201112...
[1270/1623] J011201142...
[1271/1623] J011201156...
[1272/1623] J011201111...
[1273/1623] J011201102...
[1274/1623] J011201086...
[1275/1623] J011201101...
[1276/1623] J011201064...
[1277/1623] J011191022...
[1278/1623] J011191022...
[1279/1623] J011191103...
[1280/1623] J014201106...
[1281/1623] J014192003...
[1282/1623] J014211020...
[1283/1623] J014211059...
[1284/1623] J014211056...
[1285/1623] J014211055...
[1286/1623] J014211022...
[1287/1623] J014211060...
[1288/1623] J014211017...
[1289/1623] J014211023...
[1290/1623] J014211054...
[1291/1623] J014211025...
[1292/1623] J014211011...
[1293/1623] J014211081...
[1294/1623] J011191111...
[1295/1623] J011191107...
[1296/1623] J011191116...
[1297/1623] J011191119...
[1298/1623] J011191123...
[1299/1623] J014201011...
[1300/1623] J011191042...
[1301/1623] J011191024...
[1302/1623] J011191125...
[1303/1623] J014192028...
[1304/1623] J014202018...
[1305/1623] J014201017...
[1306/1623] J014202009...
[1307/1623] J014201096...
[1308/1623] J014192066...
[1309/1623] J014172059...
[1310/1623] J014201098...
[1311/1623] J011191053...
[1312/1623] J011191060...
[1313/1623] J011191105...
[1314/1623] J011191106...
[1315/1623] J011191122...
[1316/1623] J011191094...
[1317/1623] J011191020...
[1318/1623] J011191003...
[1319/1623] J011191052...
[1320/1623] J011191056...
[1321/1623] J011191066...
[1322/1623] J011191062...
[1323/1623] J011191041...
[1324/1623] J011191079...
[1325/1623] J011191080...
[1326/1623] J011191081...
[1327/1623] J011191051...
[1328/1623] J011191051...
[1329/1623] J011191066...
[1330/1623] J011191064...
[1331/1623] J011191037...
[1332/1623] J011191065...
[1333/1623] J011191071...
[1334/1623] J011191075...
[1335/1623] J011191068...
[1336/1623] TIDAK_ADA...
[1337/1623] TIDAK_ADA...
[1338/1623] TIDAK_ADA...
[1339/1623] TIDAK_ADA...
[1340/1623] TIDAK_ADA...
[1341/1623] TIDAK_ADA...
[1342/1623] TIDAK_ADA...
[1343/1623] TIDAK_ADA...
[1344/1623] TIDAK_ADA...
[1345/1623] TIDAK_ADA...
[1346/1623] TIDAK_ADA...
[1347/1623] TIDAK_ADA...
[1348/1623] TIDAK_ADA...
[1349/1623] TIDAK_ADA...
[1350/1623] TIDAK_ADA...
[1351/1623] TIDAK_ADA...
[1352/1623] TIDAK_ADA...
[1353/1623] J011191073...
[1354/1623] J011191059...
[1355/1623] J011191006...
[1356/1623] J011191047...
[1357/1623] J011191108...
[1358/1623] J011191070...
[1359/1623] J011191083...
[1360/1623] J011191093...
[1361/1623] J011191023...
[1362/1623] J011191091...
[1363/1623] J011191005...
[1364/1623] J011191054...
[1365/1623] J011191058...
[1366/1623] J011191090...
[1367/1623] J011191031...
[1368/1623] J011191087...
[1369/1623] J011191098...
[1370/1623] J011191100...
[1371/1623] J011191099...
[1372/1623] J011191033...
[1373/1623] J011191040...
[1374/1623] J011191011...
[1375/1623] J011191109...
[1376/1623] J011191096...
[1377/1623] J011191063...
[1378/1623] J011191097...
[1379/1623] J011191046...
[1380/1623] J011191030...
[1381/1623] J011191061...
[1382/1623] J011191007...
[1383/1623] J011191092...
[1384/1623] J011191086...
[1385/1623] J011191112...
[1386/1623] J011191124...
[1387/1623] J011191032...
[1388/1623] J011191049...
[1389/1623] J011191034...
[1390/1623] J011191078...
[1391/1623] J014201099...
[1392/1623] J011191084...
[1393/1623] J014201103...
[1394/1623] J014192008...
[1395/1623] J011191001...
[1396/1623] J014202010...
[1397/1623] J011191085...
[1398/1623] J011191114...
[1399/1623] J011191115...
[1400/1623] J014201005...
[1401/1623] J014201004...
[1402/1623] J014201083...
[1403/1623] J014202004...
[1404/1623] J011191028...
[1405/1623] J014202022...
[1406/1623] J014201043...
[1407/1623] J014202013...
[1408/1623] J011191057...
[1409/1623] J011191118...
[1410/1623] J011191074...
[1411/1623] J011191115...
[1412/1623] J011191117 ...
[1413/1623] J011191076...
[1414/1623] J011191019...
[1415/1623] J011191011...
[1416/1623] J011191082...
[1417/1623] J011191027...
[1418/1623] J011191009...
[1419/1623] J011211091...
[1420/1623] J011191017...
[1421/1623] J011191072...
[1422/1623] J011191101...
[1423/1623] J011191088...
[1424/1623] J011191018...
[1425/1623] J011191055...
[1426/1623] J011191102...
[1427/1623] J011191089...
[1428/1623] J011191026...
[1429/1623] J011191044...
[1430/1623] J011191043...
[1431/1623] J011191048 ...
[1432/1623] J011191029...
[1433/1623] J011191012...
[1434/1623] J011191095...
[1435/1623] J011191015...
[1436/1623] J011191004...
[1437/1623] J011191014...
[1438/1623] J011191069...
[1439/1623] J011191036...
[1440/1623] J011191039...
[1441/1623] J011191055...
[1442/1623] J011191002...
[1443/1623] J011191045...
[1444/1623] J011191025...
[1445/1623] J014202020...
[1446/1623] J014201085...
[1447/1623] J014201042...
[1448/1623] J014202012...
[1449/1623] J014202012...
[1450/1623] J014201040...
[1451/1623] J014201101...
[1452/1623] J014201080...
[1453/1623] J014192008...
[1454/1623] J014201005...
[1455/1623] J014202016...
[1456/1623] J014201087...
[1457/1623] J014192066...
[1458/1623] J014192014...
[1459/1623] J014202003...
[1460/1623] J014201054...
[1461/1623] J014201086...
[1462/1623] J014201027 ...
[1463/1623] J014201079...
[1464/1623] J014192076...
[1465/1623] J014201067...
[1466/1623] J014201078...
[1467/1623] J014201074...
[1468/1623] J014201066...
[1469/1623] J014201019...
[1470/1623] J014202006...
[1471/1623] J014201041...
[1472/1623] J014201038...
[1473/1623] J014201058...
[1474/1623] J014201048...
[1475/1623] J014201023...
[1476/1623] J014201007...
[1477/1623] J014201037...
[1478/1623] J014201051...
[1479/1623] J014201063...
[1480/1623] J014192069...
[1481/1623] J014201091...
[1482/1623] J014201024...
[1483/1623] J014201062...
[1484/1623] J014201057...
[1485/1623] J014201046...
[1486/1623] J014201090...
[1487/1623] J014201055...
[1488/1623] J014201084...
[1489/1623] J014191008...
[1490/1623] J014201065...
[1491/1623] J014201029...
[1492/1623] J014201075...
[1493/1623] J014201076...
[1494/1623] J014201070...
[1495/1623] J014201069...
[1496/1623] J014201071...
[1497/1623] J014201053...
[1498/1623] J014192059...
[1499/1623] J014201081...
[1500/1623] J014201082...
[1501/1623] J014201025...
[1502/1623] J014201031...
[1503/1623] J014201013...
[1504/1623] J014201008...
[1505/1623] J014201012...
[1506/1623] J014201010...
[1507/1623] J014201060...
[1508/1623] J014201021...
[1509/1623] J014201045...
[1510/1623] J014201072...
[1511/1623] J014201064...
[1512/1623] J014201032...
[1513/1623] J014201030...
[1514/1623] J014201035...
[1515/1623] J014201052...
[1516/1623] J014201049...
[1517/1623] J014201034...
[1518/1623] j014201033...
[1519/1623] J014201015...
[1520/1623] J014201039...
[1521/1623] J014201022...
[1522/1623] J014201028...
[1523/1623] J014201044...
[1524/1623] J014201089...
[1525/1623] J014201056...
[1526/1623] J014201088...
[1527/1623] J014201020...
[1528/1623] J011181005...
[1529/1623] J014201059...
[1530/1623] J014201068...
[1531/1623] J014192070...
[1532/1623] J014201018...
[1533/1623] J014201026 ...
[1534/1623] J014192072...
[1535/1623] J014192061...
[1536/1623] J014201073...
[1537/1623] J014201050...
[1538/1623] J014172060...
[1539/1623] J014192073...
[1540/1623] J014192067...
[1541/1623] J014201036...
[1542/1623] J014192027...
[1543/1623] J014192058...
[1544/1623] J014172044...
[1545/1623] J014172068...
[1546/1623] J014181005...
[1547/1623] J014191009...
[1548/1623] J014182016...
[1549/1623] J011191014...
[1550/1623] J011191036...
[1551/1623] J014181001...
[1552/1623] J014181004...
[1553/1623] J014182094...
[1554/1623] J014182064...
[1555/1623] J014182064...
[1556/1623] J014192062...
[1557/1623] J11116330...
[1558/1623] J014201006...
[1559/1623] J014192068...
[1560/1623] J014192043...
[1561/1623] J011191013...
[1562/1623] J011191016...
[1563/1623] J011191050...
[1564/1623] J014192065...
[1565/1623] J014181002...
[1566/1623] J014192071...
[1567/1623] J014191043...
[1568/1623] J014201061...
[1569/1623] J014201002...
[1570/1623] J014201016...
[1571/1623] J014192034...
[1572/1623] J014192001...
[1573/1623] J014201047 ...
[1574/1623] J014201009...
[1575/1623] J014201047 ...
[1576/1623] J014182032...
[1577/1623] J011181507...
[1578/1623] J014192054 ...
[1579/1623] J014192022 ...
[1580/1623] J014192011...
[1581/1623] J014192030...
[1582/1623] J014192004...
[1583/1623] J014192029 ...
[1584/1623] J014192075...
[1585/1623] TIDAK_ADA...
[1586/1623] TIDAK_ADA...
[1587/1623] J014242028...
[1588/1623] J085231003...
[1589/1623] J085231001...
[1590/1623] J085231002...
[1591/1623] J085231004...
[1592/1623] J014242064...
[1593/1623] J014242098...
[1594/1623] J014242106...
[1595/1623] J014242104...
[1596/1623] J014242128...
[1597/1623] J014242096...
[1598/1623] J014242098...
[1599/1623] J014242052...
[1600/1623] J014242065...
[1601/1623] J014242018...
[1602/1623] J014242077...
[1603/1623] J014242008...
[1604/1623] J014242082...
[1605/1623] J014242126...
[1606/1623] J014242127...
[1607/1623] J014242003...
[1608/1623] J014242015...
[1609/1623] J014241057...
[1610/1623] J014242064...
[1611/1623] J014242111...
[1612/1623] J014242125...
[1613/1623] TIDAK_ADA...
[1614/1623] TIDAK_ADA...
[1615/1623] TIDAK_ADA...
[1616/1623] TIDAK_ADA...
[1617/1623] TIDAK_ADA...
[1618/1623] TIDAK_ADA...
[1619/1623] TIDAK_ADA...
[1620/1623] TIDAK_ADA...
[1621/1623] TIDAK_ADA...
[1622/1623] TIDAK_ADA...
[1623/1623] TIDAK_ADA...
Selesai. Hasil disimpan di scripts/READY_TO_SEED_DATA_WITH_FILENAMES.csv
Cek kolom kartuFetchStatus/skripsiFetchStatus di CSV output untuk baris yang gagal (bukan 'ok' atau 'skipped_no_url').
